{
  "stats": {
    "suites": 1,
    "tests": 4,
    "passes": 4,
    "pending": 0,
    "failures": 0,
    "start": "2022-07-08T10:05:13.526Z",
    "end": "2022-07-08T10:05:38.615Z",
    "duration": 25089,
    "testsRegistered": 4,
    "passPercent": 100,
    "pendingPercent": 0,
    "other": 0,
    "hasOther": false,
    "skipped": 0,
    "hasSkipped": false
  },
  "results": [
    {
      "uuid": "728f22b6-158f-4ff4-a1ca-b8c0732dc358",
      "title": "",
      "fullFile": "cypress/integration/sampletests/vireport_test.js",
      "file": "cypress/integration/sampletests/vireport_test.js",
      "beforeHooks": [],
      "afterHooks": [],
      "tests": [],
      "suites": [
        {
          "uuid": "e11ed893-80b2-4be4-91e6-7251c43ae661",
          "title": "testing diff view ports",
          "fullFile": "",
          "file": "",
          "beforeHooks": [],
          "afterHooks": [],
          "tests": [
            {
              "title": "Open in macbook -13",
              "fullTitle": "testing diff view ports Open in macbook -13",
              "timedOut": null,
              "duration": 6580,
              "state": "passed",
              "speed": "slow",
              "pass": true,
              "fail": false,
              "pending": false,
              "context": null,
              "code": "cy.viewport('macbook-13');\ncy.screenshot();\ncy.wait(200);",
              "err": {},
              "uuid": "5170d9ab-4233-4b5c-9284-9d016e751165",
              "parentUUID": "e11ed893-80b2-4be4-91e6-7251c43ae661",
              "isHook": false,
              "skipped": false
            },
            {
              "title": "Open in macbook -15",
              "fullTitle": "testing diff view ports Open in macbook -15",
              "timedOut": null,
              "duration": 5219,
              "state": "passed",
              "speed": "slow",
              "pass": true,
              "fail": false,
              "pending": false,
              "context": null,
              "code": "cy.viewport('macbook-15');\ncy.screenshot();\ncy.wait(200);",
              "err": {},
              "uuid": "28856931-c67d-4a89-8841-5fb187ce9202",
              "parentUUID": "e11ed893-80b2-4be4-91e6-7251c43ae661",
              "isHook": false,
              "skipped": false
            },
            {
              "title": "Open in iphone-x",
              "fullTitle": "testing diff view ports Open in iphone-x",
              "timedOut": null,
              "duration": 4979,
              "state": "passed",
              "speed": "slow",
              "pass": true,
              "fail": false,
              "pending": false,
              "context": null,
              "code": "cy.viewport('iphone-x');\ncy.screenshot();\ncy.wait(200);",
              "err": {},
              "uuid": "6b7b5f6c-8f3b-4fd0-9332-ba139a7a6830",
              "parentUUID": "e11ed893-80b2-4be4-91e6-7251c43ae661",
              "isHook": false,
              "skipped": false
            },
            {
              "title": "Open in 550 and 750",
              "fullTitle": "testing diff view ports Open in 550 and 750",
              "timedOut": null,
              "duration": 4625,
              "state": "passed",
              "speed": "slow",
              "pass": true,
              "fail": false,
              "pending": false,
              "context": null,
              "code": "cy.viewport(550, 750);\ncy.screenshot();\ncy.wait(200);",
              "err": {},
              "uuid": "3a1bede9-d2b3-4cc5-84dd-d5346e0af9a2",
              "parentUUID": "e11ed893-80b2-4be4-91e6-7251c43ae661",
              "isHook": false,
              "skipped": false
            }
          ],
          "suites": [],
          "passes": [
            "5170d9ab-4233-4b5c-9284-9d016e751165",
            "28856931-c67d-4a89-8841-5fb187ce9202",
            "6b7b5f6c-8f3b-4fd0-9332-ba139a7a6830",
            "3a1bede9-d2b3-4cc5-84dd-d5346e0af9a2"
          ],
          "failures": [],
          "pending": [],
          "skipped": [],
          "duration": 21403,
          "root": false,
          "rootEmpty": false,
          "_timeout": 2000
        }
      ],
      "passes": [],
      "failures": [],
      "pending": [],
      "skipped": [],
      "duration": 0,
      "root": true,
      "rootEmpty": true,
      "_timeout": 2000
    }
  ],
  "meta": {
    "mocha": {
      "version": "7.0.1"
    },
    "mochawesome": {
      "options": {
        "quiet": false,
        "reportFilename": "report",
        "saveHtml": true,
        "saveJson": true,
        "consoleReporter": "spec",
        "useInlineDiffs": false,
        "code": true
      },
      "version": "7.1.3"
    },
    "marge": {
      "options": {
        "reportDir": "cypress/reports",
        "reportFilename": "report",
        "overwrite": false,
        "html": true,
        "json": true,
        "charts": true
      },
      "version": "6.2.0"
    }
  }
}